2023-06-04T16:22:57.620+09:00  INFO 16728 --- [main] o.m.e.EurekaServerApplication            : The following 1 profile is active: "local"
2023-06-04T16:22:58.542+09:00  INFO 16728 --- [main] o.s.cloud.context.scope.GenericScope     : BeanFactory id=e12ec92d-2836-3eeb-9641-f901557c6854
2023-06-04T16:22:58.792+09:00  INFO 16728 --- [main] o.s.b.w.embedded.tomcat.TomcatWebServer  : Tomcat initialized with port(s): 8761 (http)
2023-06-04T16:22:58.802+09:00  INFO 16728 --- [main] o.apache.catalina.core.StandardService   : Starting service [Tomcat]
2023-06-04T16:22:58.803+09:00  INFO 16728 --- [main] o.apache.catalina.core.StandardEngine    : Starting Servlet engine: [Apache Tomcat/10.1.5]
2023-06-04T16:22:58.920+09:00  INFO 16728 --- [main] o.a.c.c.C.[Tomcat].[localhost].[/]       : Initializing Spring embedded WebApplicationContext
2023-06-04T16:22:58.922+09:00  INFO 16728 --- [main] w.s.c.ServletWebServerApplicationContext : Root WebApplicationContext: initialization completed in 1282 ms
2023-06-04T16:23:00.079+09:00  INFO 16728 --- [main] c.n.d.provider.DiscoveryJerseyProvider   : Using JSON encoding codec LegacyJacksonJson
2023-06-04T16:23:00.081+09:00  INFO 16728 --- [main] c.n.d.provider.DiscoveryJerseyProvider   : Using JSON decoding codec LegacyJacksonJson
2023-06-04T16:23:00.235+09:00  INFO 16728 --- [main] c.n.d.provider.DiscoveryJerseyProvider   : Using XML encoding codec XStreamXml
2023-06-04T16:23:00.235+09:00  INFO 16728 --- [main] c.n.d.provider.DiscoveryJerseyProvider   : Using XML decoding codec XStreamXml
2023-06-04T16:23:01.309+09:00  INFO 16728 --- [main] DiscoveryClientOptionalArgsConfiguration : Eureka HTTP Client uses RestTemplate.
2023-06-04T16:23:01.344+09:00  WARN 16728 --- [main] iguration$LoadBalancerCaffeineWarnLogger : Spring Cloud LoadBalancer is currently working with the default cache. While this cache implementation is useful for development and tests, it's recommended to use Caffeine cache in production.You can switch to using Caffeine cache, by adding it and org.springframework.cache.caffeine.CaffeineCacheManager to the classpath.
2023-06-04T16:23:01.362+09:00  INFO 16728 --- [main] o.s.c.n.eureka.InstanceInfoFactory       : Setting initial instance status as: STARTING
2023-06-04T16:23:01.393+09:00  INFO 16728 --- [main] com.netflix.discovery.DiscoveryClient    : Initializing Eureka in region us-east-1
2023-06-04T16:23:01.393+09:00  INFO 16728 --- [main] com.netflix.discovery.DiscoveryClient    : Client configured to neither register nor query for data.
2023-06-04T16:23:01.403+09:00  INFO 16728 --- [main] com.netflix.discovery.DiscoveryClient    : Discovery Client initialized at timestamp 1685863381402 with initial instances count: 0
2023-06-04T16:23:01.441+09:00  INFO 16728 --- [main] c.n.eureka.DefaultEurekaServerContext    : Initializing ...
2023-06-04T16:23:01.443+09:00  WARN 16728 --- [main] c.n.eureka.cluster.PeerEurekaNodes       : The replica size seems to be empty. Check the route 53 DNS Registry
2023-06-04T16:23:01.457+09:00  INFO 16728 --- [main] c.n.e.registry.AbstractInstanceRegistry  : Finished initializing remote region registries. All known remote regions: []
2023-06-04T16:23:01.458+09:00  INFO 16728 --- [main] c.n.eureka.DefaultEurekaServerContext    : Initialized
2023-06-04T16:23:01.464+09:00  INFO 16728 --- [main] o.s.b.a.e.web.EndpointLinksResolver      : Exposing 17 endpoint(s) beneath base path '/actuator'
2023-06-04T16:23:01.525+09:00  INFO 16728 --- [main] o.s.c.n.e.s.EurekaServiceRegistry        : Registering application EUREKA-SERVER with eureka with status UP
2023-06-04T16:23:01.535+09:00  INFO 16728 --- [Thread-10] o.s.c.n.e.server.EurekaServerBootstrap   : isAws returned false
2023-06-04T16:23:01.536+09:00  INFO 16728 --- [Thread-10] o.s.c.n.e.server.EurekaServerBootstrap   : Initialized server context
2023-06-04T16:23:01.536+09:00  INFO 16728 --- [Thread-10] c.n.e.r.PeerAwareInstanceRegistryImpl    : Got 1 instances from neighboring DS node
2023-06-04T16:23:01.536+09:00  INFO 16728 --- [Thread-10] c.n.e.r.PeerAwareInstanceRegistryImpl    : Renew threshold is: 1
2023-06-04T16:23:01.536+09:00  INFO 16728 --- [Thread-10] c.n.e.r.PeerAwareInstanceRegistryImpl    : Changing status to UP
2023-06-04T16:23:01.543+09:00  INFO 16728 --- [Thread-10] e.s.EurekaServerInitializerConfiguration : Started Eureka Server
2023-06-04T16:23:01.550+09:00  INFO 16728 --- [main] o.s.b.w.embedded.tomcat.TomcatWebServer  : Tomcat started on port(s): 8761 (http) with context path ''
2023-06-04T16:23:01.551+09:00  INFO 16728 --- [main] .s.c.n.e.s.EurekaAutoServiceRegistration : Updating port to 8761
2023-06-04T16:23:01.744+09:00  INFO 16728 --- [main] o.m.e.EurekaServerApplication            : Started EurekaServerApplication in 5.689 seconds (process running for 6.914)
2023-06-04T16:23:17.553+09:00  INFO 16728 --- [http-nio-8761-exec-1] o.a.c.c.C.[Tomcat].[localhost].[/]       : Initializing Spring DispatcherServlet 'dispatcherServlet'
2023-06-04T16:23:17.554+09:00  INFO 16728 --- [http-nio-8761-exec-1] o.s.web.servlet.DispatcherServlet        : Initializing Servlet 'dispatcherServlet'
2023-06-04T16:23:17.556+09:00  INFO 16728 --- [http-nio-8761-exec-1] o.s.web.servlet.DispatcherServlet        : Completed initialization in 2 ms
2023-06-04T16:23:17.894+09:00  INFO 16728 --- [http-nio-8761-exec-3] c.n.e.registry.AbstractInstanceRegistry  : Registered instance GATEWAY-SERVER/host.docker.internal:gateway-server:8070 with status UP (replication=false)
2023-06-04T16:23:19.480+09:00  INFO 16728 --- [http-nio-8761-exec-2] c.n.e.registry.AbstractInstanceRegistry  : Registered instance AUTHENTICATION-SERVER/host.docker.internal:authentication-server:8900 with status UP (replication=false)
2023-06-04T16:23:19.499+09:00  INFO 16728 --- [http-nio-8761-exec-5] c.n.e.registry.AbstractInstanceRegistry  : Cancelled instance AUTHENTICATION-SERVER/host.docker.internal:authentication-server:8900 (replication=false)
2023-06-04T16:23:22.593+09:00  INFO 16728 --- [http-nio-8761-exec-9] c.n.e.registry.AbstractInstanceRegistry  : Registered instance HISTORY-SERVICE/host.docker.internal:2f1fa39600532cdf160ef76726ff9a5e with status UP (replication=false)
2023-06-04T16:23:24.791+09:00  INFO 16728 --- [http-nio-8761-exec-1] c.n.e.registry.AbstractInstanceRegistry  : Registered instance ITEM-SERVICE/host.docker.internal:c1a82aafc9032ec007e847e9b0a3332d with status UP (replication=false)
2023-06-04T16:24:01.026+09:00  INFO 16728 --- [http-nio-8761-exec-9] c.n.e.registry.AbstractInstanceRegistry  : Registered instance AUTHENTICATION-SERVER/host.docker.internal:authentication-server:8900 with status UP (replication=false)
2023-06-04T16:24:01.031+09:00  INFO 16728 --- [http-nio-8761-exec-10] c.n.e.registry.AbstractInstanceRegistry  : Cancelled instance AUTHENTICATION-SERVER/host.docker.internal:authentication-server:8900 (replication=false)
2023-06-04T16:24:01.538+09:00  INFO 16728 --- [Eureka-EvictionTimer] c.n.e.registry.AbstractInstanceRegistry  : Running the evict task with compensationTime 0ms
2023-06-04T16:25:01.548+09:00  INFO 16728 --- [Eureka-EvictionTimer] c.n.e.registry.AbstractInstanceRegistry  : Running the evict task with compensationTime 9ms
2023-06-04T16:26:01.558+09:00  INFO 16728 --- [Eureka-EvictionTimer] c.n.e.registry.AbstractInstanceRegistry  : Running the evict task with compensationTime 10ms
2023-06-04T16:27:01.560+09:00  INFO 16728 --- [Eureka-EvictionTimer] c.n.e.registry.AbstractInstanceRegistry  : Running the evict task with compensationTime 2ms
2023-06-04T16:27:50.217+09:00  INFO 16728 --- [http-nio-8761-exec-7] c.n.e.registry.AbstractInstanceRegistry  : Registered instance ITEM-SERVICE/host.docker.internal:c1a82aafc9032ec007e847e9b0a3332d with status DOWN (replication=false)
2023-06-04T16:27:54.288+09:00  INFO 16728 --- [http-nio-8761-exec-9] c.n.e.registry.AbstractInstanceRegistry  : Cancelled instance ITEM-SERVICE/host.docker.internal:c1a82aafc9032ec007e847e9b0a3332d (replication=false)
2023-06-04T16:28:01.567+09:00  INFO 16728 --- [Eureka-EvictionTimer] c.n.e.registry.AbstractInstanceRegistry  : Running the evict task with compensationTime 7ms
2023-06-04T16:29:01.568+09:00  INFO 16728 --- [Eureka-EvictionTimer] c.n.e.registry.AbstractInstanceRegistry  : Running the evict task with compensationTime 0ms
2023-06-04T16:30:01.576+09:00  INFO 16728 --- [Eureka-EvictionTimer] c.n.e.registry.AbstractInstanceRegistry  : Running the evict task with compensationTime 8ms
2023-06-04T16:30:26.566+09:00  INFO 16728 --- [http-nio-8761-exec-2] c.n.e.registry.AbstractInstanceRegistry  : Registered instance HISTORY-SERVICE/host.docker.internal:2f1fa39600532cdf160ef76726ff9a5e with status DOWN (replication=false)
2023-06-04T16:30:35.339+09:00  INFO 16728 --- [http-nio-8761-exec-5] c.n.e.registry.AbstractInstanceRegistry  : Registered instance GATEWAY-SERVER/host.docker.internal:gateway-server:8070 with status DOWN (replication=false)
2023-06-04T16:30:41.286+09:00  INFO 16728 --- [RMI TCP Connection(15)-127.0.0.1] inMXBeanRegistrar$SpringApplicationAdmin : Application shutdown requested.
2023-06-04T16:30:41.288+09:00  INFO 16728 --- [RMI TCP Connection(16)-127.0.0.1] inMXBeanRegistrar$SpringApplicationAdmin : Application shutdown requested.
2023-06-04T16:30:41.288+09:00  INFO 16728 --- [RMI TCP Connection(15)-127.0.0.1] o.s.c.n.e.s.EurekaServiceRegistry        : Unregistering application EUREKA-SERVER with eureka with status DOWN
2023-06-04T16:30:41.290+09:00  INFO 16728 --- [RMI TCP Connection(17)-127.0.0.1] inMXBeanRegistrar$SpringApplicationAdmin : Application shutdown requested.
2023-06-04T16:30:41.303+09:00  INFO 16728 --- [RMI TCP Connection(15)-127.0.0.1] o.apache.catalina.core.StandardService   : Stopping service [Tomcat]
2023-06-04T16:30:41.304+09:00  INFO 16728 --- [RMI TCP Connection(15)-127.0.0.1] o.a.c.c.C.[Tomcat].[localhost].[/]       : Destroying Spring FrameworkServlet 'dispatcherServlet'
2023-06-04T16:30:41.313+09:00  INFO 16728 --- [RMI TCP Connection(15)-127.0.0.1] o.s.c.n.e.server.EurekaServerBootstrap   : Shutting down Eureka Server..
2023-06-04T16:30:41.317+09:00  INFO 16728 --- [RMI TCP Connection(15)-127.0.0.1] c.n.eureka.DefaultEurekaServerContext    : Shutting down ...
2023-06-04T16:30:41.343+09:00  INFO 16728 --- [RMI TCP Connection(15)-127.0.0.1] c.n.eureka.DefaultEurekaServerContext    : Shut down
2023-06-04T16:30:41.343+09:00  INFO 16728 --- [RMI TCP Connection(15)-127.0.0.1] o.s.c.n.e.server.EurekaServerBootstrap   : Eureka Service is now shutdown...
2023-06-04T16:30:41.344+09:00  INFO 16728 --- [RMI TCP Connection(15)-127.0.0.1] c.n.eureka.DefaultEurekaServerContext    : Shutting down ...
2023-06-04T16:30:41.349+09:00  INFO 16728 --- [RMI TCP Connection(15)-127.0.0.1] c.n.eureka.DefaultEurekaServerContext    : Shut down
2023-06-04T16:30:41.354+09:00  INFO 16728 --- [RMI TCP Connection(15)-127.0.0.1] com.netflix.discovery.DiscoveryClient    : Shutting down DiscoveryClient ...
2023-06-04T16:30:41.355+09:00  INFO 16728 --- [RMI TCP Connection(15)-127.0.0.1] com.netflix.discovery.DiscoveryClient    : Completed shut down of DiscoveryClient
2023-06-04T16:34:30.812+09:00  INFO 18060 --- [main] o.m.e.EurekaServerApplication            : The following 1 profile is active: "local"
2023-06-04T16:34:31.563+09:00  INFO 18060 --- [main] o.s.cloud.context.scope.GenericScope     : BeanFactory id=e12ec92d-2836-3eeb-9641-f901557c6854
2023-06-04T16:34:31.812+09:00  INFO 18060 --- [main] o.s.b.w.embedded.tomcat.TomcatWebServer  : Tomcat initialized with port(s): 8761 (http)
2023-06-04T16:34:31.823+09:00  INFO 18060 --- [main] o.apache.catalina.core.StandardService   : Starting service [Tomcat]
2023-06-04T16:34:31.824+09:00  INFO 18060 --- [main] o.apache.catalina.core.StandardEngine    : Starting Servlet engine: [Apache Tomcat/10.1.5]
2023-06-04T16:34:31.944+09:00  INFO 18060 --- [main] o.a.c.c.C.[Tomcat].[localhost].[/]       : Initializing Spring embedded WebApplicationContext
2023-06-04T16:34:31.944+09:00  INFO 18060 --- [main] w.s.c.ServletWebServerApplicationContext : Root WebApplicationContext: initialization completed in 1120 ms
2023-06-04T16:34:32.785+09:00  INFO 18060 --- [main] c.n.d.provider.DiscoveryJerseyProvider   : Using JSON encoding codec LegacyJacksonJson
2023-06-04T16:34:32.787+09:00  INFO 18060 --- [main] c.n.d.provider.DiscoveryJerseyProvider   : Using JSON decoding codec LegacyJacksonJson
2023-06-04T16:34:32.950+09:00  INFO 18060 --- [main] c.n.d.provider.DiscoveryJerseyProvider   : Using XML encoding codec XStreamXml
2023-06-04T16:34:32.950+09:00  INFO 18060 --- [main] c.n.d.provider.DiscoveryJerseyProvider   : Using XML decoding codec XStreamXml
2023-06-04T16:34:34.120+09:00  INFO 18060 --- [main] DiscoveryClientOptionalArgsConfiguration : Eureka HTTP Client uses RestTemplate.
2023-06-04T16:34:34.162+09:00  WARN 18060 --- [main] iguration$LoadBalancerCaffeineWarnLogger : Spring Cloud LoadBalancer is currently working with the default cache. While this cache implementation is useful for development and tests, it's recommended to use Caffeine cache in production.You can switch to using Caffeine cache, by adding it and org.springframework.cache.caffeine.CaffeineCacheManager to the classpath.
2023-06-04T16:34:34.183+09:00  INFO 18060 --- [main] o.s.c.n.eureka.InstanceInfoFactory       : Setting initial instance status as: STARTING
2023-06-04T16:34:34.217+09:00  INFO 18060 --- [main] com.netflix.discovery.DiscoveryClient    : Initializing Eureka in region us-east-1
2023-06-04T16:34:34.217+09:00  INFO 18060 --- [main] com.netflix.discovery.DiscoveryClient    : Client configured to neither register nor query for data.
2023-06-04T16:34:34.227+09:00  INFO 18060 --- [main] com.netflix.discovery.DiscoveryClient    : Discovery Client initialized at timestamp 1685864074226 with initial instances count: 0
2023-06-04T16:34:34.266+09:00  INFO 18060 --- [main] c.n.eureka.DefaultEurekaServerContext    : Initializing ...
2023-06-04T16:34:34.269+09:00  WARN 18060 --- [main] c.n.eureka.cluster.PeerEurekaNodes       : The replica size seems to be empty. Check the route 53 DNS Registry
2023-06-04T16:34:34.284+09:00  INFO 18060 --- [main] c.n.e.registry.AbstractInstanceRegistry  : Finished initializing remote region registries. All known remote regions: []
2023-06-04T16:34:34.285+09:00  INFO 18060 --- [main] c.n.eureka.DefaultEurekaServerContext    : Initialized
2023-06-04T16:34:34.292+09:00  INFO 18060 --- [main] o.s.b.a.e.web.EndpointLinksResolver      : Exposing 17 endpoint(s) beneath base path '/actuator'
2023-06-04T16:34:34.357+09:00  INFO 18060 --- [main] o.s.c.n.e.s.EurekaServiceRegistry        : Registering application EUREKA-SERVER with eureka with status UP
2023-06-04T16:34:34.368+09:00  INFO 18060 --- [Thread-10] o.s.c.n.e.server.EurekaServerBootstrap   : isAws returned false
2023-06-04T16:34:34.369+09:00  INFO 18060 --- [Thread-10] o.s.c.n.e.server.EurekaServerBootstrap   : Initialized server context
2023-06-04T16:34:34.369+09:00  INFO 18060 --- [Thread-10] c.n.e.r.PeerAwareInstanceRegistryImpl    : Got 1 instances from neighboring DS node
2023-06-04T16:34:34.369+09:00  INFO 18060 --- [Thread-10] c.n.e.r.PeerAwareInstanceRegistryImpl    : Renew threshold is: 1
2023-06-04T16:34:34.369+09:00  INFO 18060 --- [Thread-10] c.n.e.r.PeerAwareInstanceRegistryImpl    : Changing status to UP
2023-06-04T16:34:34.377+09:00  INFO 18060 --- [Thread-10] e.s.EurekaServerInitializerConfiguration : Started Eureka Server
2023-06-04T16:34:34.382+09:00  INFO 18060 --- [main] o.s.b.w.embedded.tomcat.TomcatWebServer  : Tomcat started on port(s): 8761 (http) with context path ''
2023-06-04T16:34:34.383+09:00  INFO 18060 --- [main] .s.c.n.e.s.EurekaAutoServiceRegistration : Updating port to 8761
2023-06-04T16:34:34.586+09:00  INFO 18060 --- [main] o.m.e.EurekaServerApplication            : Started EurekaServerApplication in 5.292 seconds (process running for 6.043)
2023-06-04T16:35:34.371+09:00  INFO 18060 --- [Eureka-EvictionTimer] c.n.e.registry.AbstractInstanceRegistry  : Running the evict task with compensationTime 0ms
2023-06-04T16:36:34.384+09:00  INFO 18060 --- [Eureka-EvictionTimer] c.n.e.registry.AbstractInstanceRegistry  : Running the evict task with compensationTime 13ms
2023-06-04T16:37:34.385+09:00  INFO 18060 --- [Eureka-EvictionTimer] c.n.e.registry.AbstractInstanceRegistry  : Running the evict task with compensationTime 0ms
2023-06-04T16:38:34.385+09:00  INFO 18060 --- [Eureka-EvictionTimer] c.n.e.registry.AbstractInstanceRegistry  : Running the evict task with compensationTime 0ms
2023-06-04T16:39:34.390+09:00  INFO 18060 --- [Eureka-EvictionTimer] c.n.e.registry.AbstractInstanceRegistry  : Running the evict task with compensationTime 5ms
2023-06-04T16:40:04.839+09:00  INFO 18060 --- [http-nio-8761-exec-1] o.a.c.c.C.[Tomcat].[localhost].[/]       : Initializing Spring DispatcherServlet 'dispatcherServlet'
2023-06-04T16:40:04.839+09:00  INFO 18060 --- [http-nio-8761-exec-1] o.s.web.servlet.DispatcherServlet        : Initializing Servlet 'dispatcherServlet'
2023-06-04T16:40:04.841+09:00  INFO 18060 --- [http-nio-8761-exec-1] o.s.web.servlet.DispatcherServlet        : Completed initialization in 1 ms
2023-06-04T16:40:05.407+09:00  INFO 18060 --- [http-nio-8761-exec-3] c.n.e.registry.AbstractInstanceRegistry  : Registered instance GATEWAY-SERVER/host.docker.internal:gateway-server:8070 with status UP (replication=false)
2023-06-04T16:40:13.671+09:00  INFO 18060 --- [http-nio-8761-exec-4] c.n.e.registry.AbstractInstanceRegistry  : Registered instance AUTHENTICATION-SERVER/host.docker.internal:authentication-server:8900 with status UP (replication=false)
2023-06-04T16:40:30.529+09:00  INFO 18060 --- [http-nio-8761-exec-6] c.n.e.registry.AbstractInstanceRegistry  : Registered instance HISTORY-SERVICE/host.docker.internal:c3f6dae45f64070192c0b64dfe6cd637 with status UP (replication=false)
2023-06-04T16:40:31.288+09:00  INFO 18060 --- [http-nio-8761-exec-7] c.n.e.registry.AbstractInstanceRegistry  : Registered instance ITEM-SERVICE/host.docker.internal:91e19096673e44eabb68bf295756a912 with status UP (replication=false)
2023-06-04T16:40:34.390+09:00  INFO 18060 --- [Eureka-EvictionTimer] c.n.e.registry.AbstractInstanceRegistry  : Running the evict task with compensationTime 0ms
2023-06-04T16:41:34.390+09:00  INFO 18060 --- [Eureka-EvictionTimer] c.n.e.registry.AbstractInstanceRegistry  : Running the evict task with compensationTime 0ms
2023-06-04T16:42:34.391+09:00  INFO 18060 --- [Eureka-EvictionTimer] c.n.e.registry.AbstractInstanceRegistry  : Running the evict task with compensationTime 0ms
2023-06-04T16:42:55.405+09:00  INFO 18060 --- [http-nio-8761-exec-5] c.n.e.registry.AbstractInstanceRegistry  : Registered instance ITEM-SERVICE/host.docker.internal:91e19096673e44eabb68bf295756a912 with status DOWN (replication=false)
2023-06-04T16:42:58.839+09:00  INFO 18060 --- [http-nio-8761-exec-6] c.n.e.registry.AbstractInstanceRegistry  : Registered instance HISTORY-SERVICE/host.docker.internal:c3f6dae45f64070192c0b64dfe6cd637 with status DOWN (replication=false)
2023-06-04T16:42:59.043+09:00  INFO 18060 --- [http-nio-8761-exec-7] c.n.e.registry.AbstractInstanceRegistry  : Cancelled instance ITEM-SERVICE/host.docker.internal:91e19096673e44eabb68bf295756a912 (replication=false)
2023-06-04T16:43:02.830+09:00  INFO 18060 --- [http-nio-8761-exec-1] c.n.e.registry.AbstractInstanceRegistry  : Registered instance AUTHENTICATION-SERVER/host.docker.internal:authentication-server:8900 with status DOWN (replication=false)
2023-06-04T16:43:02.839+09:00  INFO 18060 --- [http-nio-8761-exec-2] c.n.e.registry.AbstractInstanceRegistry  : Cancelled instance HISTORY-SERVICE/host.docker.internal:c3f6dae45f64070192c0b64dfe6cd637 (replication=false)
2023-06-04T16:43:05.881+09:00  INFO 18060 --- [http-nio-8761-exec-9] c.n.e.registry.AbstractInstanceRegistry  : Cancelled instance AUTHENTICATION-SERVER/host.docker.internal:authentication-server:8900 (replication=false)
2023-06-04T16:43:07.947+09:00  INFO 18060 --- [RMI TCP Connection(14)-127.0.0.1] inMXBeanRegistrar$SpringApplicationAdmin : Application shutdown requested.
2023-06-04T16:43:07.949+09:00  INFO 18060 --- [RMI TCP Connection(14)-127.0.0.1] o.s.c.n.e.s.EurekaServiceRegistry        : Unregistering application EUREKA-SERVER with eureka with status DOWN
2023-06-04T16:43:07.965+09:00  INFO 18060 --- [RMI TCP Connection(14)-127.0.0.1] o.apache.catalina.core.StandardService   : Stopping service [Tomcat]
2023-06-04T16:43:07.967+09:00  INFO 18060 --- [RMI TCP Connection(14)-127.0.0.1] o.a.c.c.C.[Tomcat].[localhost].[/]       : Destroying Spring FrameworkServlet 'dispatcherServlet'
2023-06-04T16:43:07.980+09:00  INFO 18060 --- [RMI TCP Connection(14)-127.0.0.1] o.s.c.n.e.server.EurekaServerBootstrap   : Shutting down Eureka Server..
2023-06-04T16:43:07.984+09:00  INFO 18060 --- [RMI TCP Connection(14)-127.0.0.1] c.n.eureka.DefaultEurekaServerContext    : Shutting down ...
2023-06-04T16:43:07.993+09:00  INFO 18060 --- [RMI TCP Connection(14)-127.0.0.1] c.n.eureka.DefaultEurekaServerContext    : Shut down
2023-06-04T16:43:07.993+09:00  INFO 18060 --- [RMI TCP Connection(14)-127.0.0.1] o.s.c.n.e.server.EurekaServerBootstrap   : Eureka Service is now shutdown...
2023-06-04T16:43:07.993+09:00  INFO 18060 --- [RMI TCP Connection(14)-127.0.0.1] c.n.eureka.DefaultEurekaServerContext    : Shutting down ...
2023-06-04T16:43:07.999+09:00  INFO 18060 --- [RMI TCP Connection(14)-127.0.0.1] c.n.eureka.DefaultEurekaServerContext    : Shut down
2023-06-04T16:43:08.004+09:00  INFO 18060 --- [RMI TCP Connection(14)-127.0.0.1] com.netflix.discovery.DiscoveryClient    : Shutting down DiscoveryClient ...
2023-06-04T16:43:08.005+09:00  INFO 18060 --- [RMI TCP Connection(14)-127.0.0.1] com.netflix.discovery.DiscoveryClient    : Completed shut down of DiscoveryClient
