2023-06-04T16:23:13.946+09:00  INFO [history-service,,] 14088 --- [restartedMain] o.msa.history.HistoryServiceApplication  : The following 1 profile is active: "local"
2023-06-04T16:23:15.648+09:00  INFO [history-service,,] 14088 --- [restartedMain] .s.d.r.c.RepositoryConfigurationDelegate : Bootstrapping Spring Data JPA repositories in DEFAULT mode.
2023-06-04T16:23:15.671+09:00  INFO [history-service,,] 14088 --- [restartedMain] .s.d.r.c.RepositoryConfigurationDelegate : Finished Spring Data repository scanning in 9 ms. Found 0 JPA repository interfaces.
2023-06-04T16:23:16.027+09:00  INFO [history-service,,] 14088 --- [restartedMain] o.s.cloud.context.scope.GenericScope     : BeanFactory id=95e2b14f-9f31-3b3d-b34e-9ae6cc8dec9a
2023-06-04T16:23:17.007+09:00  INFO [history-service,,] 14088 --- [restartedMain] o.s.b.w.embedded.tomcat.TomcatWebServer  : Tomcat initialized with port(s): 0 (http)
2023-06-04T16:23:17.030+09:00  INFO [history-service,,] 14088 --- [restartedMain] o.apache.catalina.core.StandardService   : Starting service [Tomcat]
2023-06-04T16:23:17.030+09:00  INFO [history-service,,] 14088 --- [restartedMain] o.apache.catalina.core.StandardEngine    : Starting Servlet engine: [Apache Tomcat/10.1.5]
2023-06-04T16:23:17.236+09:00  INFO [history-service,,] 14088 --- [restartedMain] o.a.c.c.C.[Tomcat].[localhost].[/]       : Initializing Spring embedded WebApplicationContext
2023-06-04T16:23:17.236+09:00  INFO [history-service,,] 14088 --- [restartedMain] w.s.c.ServletWebServerApplicationContext : Root WebApplicationContext: initialization completed in 3270 ms
2023-06-04T16:23:18.064+09:00  INFO [history-service,,] 14088 --- [restartedMain] o.hibernate.jpa.internal.util.LogHelper  : HHH000204: Processing PersistenceUnitInfo [name: default]
2023-06-04T16:23:18.161+09:00  INFO [history-service,,] 14088 --- [restartedMain] org.hibernate.Version                    : HHH000412: Hibernate ORM core version 6.1.6.Final
2023-06-04T16:23:18.476+09:00  WARN [history-service,,] 14088 --- [restartedMain] org.hibernate.orm.deprecation            : HHH90000021: Encountered deprecated setting [javax.persistence.sharedCache.mode], use [jakarta.persistence.sharedCache.mode] instead
2023-06-04T16:23:18.951+09:00  INFO [history-service,,] 14088 --- [restartedMain] com.zaxxer.hikari.HikariDataSource       : HikariPool-1 - Starting...
2023-06-04T16:23:19.065+09:00  INFO [history-service,,] 14088 --- [restartedMain] com.zaxxer.hikari.pool.HikariPool        : HikariPool-1 - Added connection org.mariadb.jdbc.Connection@450ff49e
2023-06-04T16:23:19.067+09:00  INFO [history-service,,] 14088 --- [restartedMain] com.zaxxer.hikari.HikariDataSource       : HikariPool-1 - Start completed.
2023-06-04T16:23:19.092+09:00  INFO [history-service,,] 14088 --- [restartedMain] SQL dialect                              : HHH000400: Using dialect: org.hibernate.dialect.MariaDB103Dialect
2023-06-04T16:23:19.093+09:00  WARN [history-service,,] 14088 --- [restartedMain] org.hibernate.orm.deprecation            : HHH90000026: MariaDB103Dialect has been deprecated; use org.hibernate.dialect.MariaDBDialect instead
2023-06-04T16:23:19.584+09:00  INFO [history-service,,] 14088 --- [restartedMain] o.h.e.t.j.p.i.JtaPlatformInitiator       : HHH000490: Using JtaPlatform implementation: [org.hibernate.engine.transaction.jta.platform.internal.NoJtaPlatform]
2023-06-04T16:23:19.602+09:00  INFO [history-service,,] 14088 --- [restartedMain] j.LocalContainerEntityManagerFactoryBean : Initialized JPA EntityManagerFactory for persistence unit 'default'
2023-06-04T16:23:19.797+09:00  WARN [history-service,,] 14088 --- [restartedMain] JpaBaseConfiguration$JpaWebConfiguration : spring.jpa.open-in-view is enabled by default. Therefore, database queries may be performed during view rendering. Explicitly configure spring.jpa.open-in-view to disable this warning
2023-06-04T16:23:21.572+09:00  INFO [history-service,,] 14088 --- [restartedMain] o.s.b.d.a.OptionalLiveReloadServer       : LiveReload server is running on port 35729
2023-06-04T16:23:21.761+09:00  INFO [history-service,,] 14088 --- [restartedMain] DiscoveryClientOptionalArgsConfiguration : Eureka HTTP Client uses RestTemplate.
2023-06-04T16:23:22.179+09:00  INFO [history-service,,] 14088 --- [restartedMain] o.s.b.a.e.web.EndpointLinksResolver      : Exposing 3 endpoint(s) beneath base path '/actuator'
2023-06-04T16:23:22.290+09:00  INFO [history-service,,] 14088 --- [restartedMain] o.s.b.w.embedded.tomcat.TomcatWebServer  : Tomcat started on port(s): 8964 (http) with context path ''
2023-06-04T16:23:22.291+09:00  INFO [history-service,,] 14088 --- [restartedMain] .s.c.n.e.s.EurekaAutoServiceRegistration : Updating port to 8964
2023-06-04T16:23:22.296+09:00  INFO [history-service,,] 14088 --- [restartedMain] o.s.c.n.eureka.InstanceInfoFactory       : Setting initial instance status as: STARTING
2023-06-04T16:23:22.340+09:00  INFO [history-service,,] 14088 --- [restartedMain] com.netflix.discovery.DiscoveryClient    : Initializing Eureka in region us-east-1
2023-06-04T16:23:22.345+09:00  INFO [history-service,,] 14088 --- [restartedMain] c.n.d.s.r.aws.ConfigClusterResolver      : Resolving eureka endpoints via configuration
2023-06-04T16:23:22.371+09:00  INFO [history-service,,] 14088 --- [restartedMain] com.netflix.discovery.DiscoveryClient    : Disable delta property : false
2023-06-04T16:23:22.371+09:00  INFO [history-service,,] 14088 --- [restartedMain] com.netflix.discovery.DiscoveryClient    : Single vip registry refresh property : null
2023-06-04T16:23:22.372+09:00  INFO [history-service,,] 14088 --- [restartedMain] com.netflix.discovery.DiscoveryClient    : Force full registry fetch : false
2023-06-04T16:23:22.372+09:00  INFO [history-service,,] 14088 --- [restartedMain] com.netflix.discovery.DiscoveryClient    : Application is null : false
2023-06-04T16:23:22.372+09:00  INFO [history-service,,] 14088 --- [restartedMain] com.netflix.discovery.DiscoveryClient    : Registered Applications size is zero : true
2023-06-04T16:23:22.373+09:00  INFO [history-service,,] 14088 --- [restartedMain] com.netflix.discovery.DiscoveryClient    : Application version is -1: true
2023-06-04T16:23:22.373+09:00  INFO [history-service,,] 14088 --- [restartedMain] com.netflix.discovery.DiscoveryClient    : Getting all instance registry info from the eureka server
2023-06-04T16:23:22.529+09:00  INFO [history-service,,] 14088 --- [restartedMain] com.netflix.discovery.DiscoveryClient    : The response status is 200
2023-06-04T16:23:22.532+09:00  INFO [history-service,,] 14088 --- [restartedMain] com.netflix.discovery.DiscoveryClient    : Starting heartbeat executor: renew interval is: 30
2023-06-04T16:23:22.535+09:00  INFO [history-service,,] 14088 --- [restartedMain] c.n.discovery.InstanceInfoReplicator     : InstanceInfoReplicator onDemand update allowed rate per min is 4
2023-06-04T16:23:22.540+09:00  INFO [history-service,,] 14088 --- [restartedMain] com.netflix.discovery.DiscoveryClient    : Discovery Client initialized at timestamp 1685863402539 with initial instances count: 0
2023-06-04T16:23:22.542+09:00  INFO [history-service,,] 14088 --- [restartedMain] o.s.c.n.e.s.EurekaServiceRegistry        : Registering application HISTORY-SERVICE with eureka with status UP
2023-06-04T16:23:22.543+09:00  INFO [history-service,,] 14088 --- [restartedMain] com.netflix.discovery.DiscoveryClient    : Saw local status change event StatusChangeEvent [timestamp=1685863402543, current=UP, previous=STARTING]
2023-06-04T16:23:22.545+09:00  INFO [history-service,,] 14088 --- [DiscoveryClient-InstanceInfoReplicator-0] com.netflix.discovery.DiscoveryClient    : DiscoveryClient_HISTORY-SERVICE/host.docker.internal:2f1fa39600532cdf160ef76726ff9a5e: registering service...
2023-06-04T16:23:22.594+09:00  INFO [history-service,,] 14088 --- [DiscoveryClient-InstanceInfoReplicator-0] com.netflix.discovery.DiscoveryClient    : DiscoveryClient_HISTORY-SERVICE/host.docker.internal:2f1fa39600532cdf160ef76726ff9a5e - registration status: 204
2023-06-04T16:23:22.765+09:00  INFO [history-service,,] 14088 --- [restartedMain] o.msa.history.HistoryServiceApplication  : Started HistoryServiceApplication in 11.238 seconds (process running for 13.504)
2023-06-04T16:23:52.538+09:00  INFO [history-service,,] 14088 --- [DiscoveryClient-CacheRefreshExecutor-0] com.netflix.discovery.DiscoveryClient    : Disable delta property : false
2023-06-04T16:23:52.538+09:00  INFO [history-service,,] 14088 --- [DiscoveryClient-CacheRefreshExecutor-0] com.netflix.discovery.DiscoveryClient    : Single vip registry refresh property : null
2023-06-04T16:23:52.538+09:00  INFO [history-service,,] 14088 --- [DiscoveryClient-CacheRefreshExecutor-0] com.netflix.discovery.DiscoveryClient    : Force full registry fetch : false
2023-06-04T16:23:52.538+09:00  INFO [history-service,,] 14088 --- [DiscoveryClient-CacheRefreshExecutor-0] com.netflix.discovery.DiscoveryClient    : Application is null : false
2023-06-04T16:23:52.538+09:00  INFO [history-service,,] 14088 --- [DiscoveryClient-CacheRefreshExecutor-0] com.netflix.discovery.DiscoveryClient    : Registered Applications size is zero : true
2023-06-04T16:23:52.538+09:00  INFO [history-service,,] 14088 --- [DiscoveryClient-CacheRefreshExecutor-0] com.netflix.discovery.DiscoveryClient    : Application version is -1: false
2023-06-04T16:23:52.538+09:00  INFO [history-service,,] 14088 --- [DiscoveryClient-CacheRefreshExecutor-0] com.netflix.discovery.DiscoveryClient    : Getting all instance registry info from the eureka server
2023-06-04T16:23:52.548+09:00  INFO [history-service,,] 14088 --- [DiscoveryClient-CacheRefreshExecutor-0] com.netflix.discovery.DiscoveryClient    : The response status is 200
2023-06-04T16:28:22.381+09:00  INFO [history-service,,] 14088 --- [AsyncResolver-bootstrap-executor-0] c.n.d.s.r.aws.ConfigClusterResolver      : Resolving eureka endpoints via configuration
2023-06-04T16:30:26.557+09:00  INFO [history-service,,] 14088 --- [RMI TCP Connection(14)-127.0.0.1] inMXBeanRegistrar$SpringApplicationAdmin : Application shutdown requested.
2023-06-04T16:30:26.558+09:00  INFO [history-service,,] 14088 --- [RMI TCP Connection(14)-127.0.0.1] o.s.c.n.e.s.EurekaServiceRegistry        : Unregistering application HISTORY-SERVICE with eureka with status DOWN
2023-06-04T16:30:26.559+09:00  INFO [history-service,,] 14088 --- [RMI TCP Connection(14)-127.0.0.1] com.netflix.discovery.DiscoveryClient    : Saw local status change event StatusChangeEvent [timestamp=1685863826559, current=DOWN, previous=UP]
2023-06-04T16:30:26.559+09:00  INFO [history-service,,] 14088 --- [DiscoveryClient-InstanceInfoReplicator-0] com.netflix.discovery.DiscoveryClient    : DiscoveryClient_HISTORY-SERVICE/host.docker.internal:2f1fa39600532cdf160ef76726ff9a5e: registering service...
2023-06-04T16:30:26.560+09:00  INFO [history-service,,] 14088 --- [RMI TCP Connection(15)-127.0.0.1] inMXBeanRegistrar$SpringApplicationAdmin : Application shutdown requested.
2023-06-04T16:30:26.563+09:00  INFO [history-service,,] 14088 --- [RMI TCP Connection(16)-127.0.0.1] inMXBeanRegistrar$SpringApplicationAdmin : Application shutdown requested.
2023-06-04T16:30:26.567+09:00  INFO [history-service,,] 14088 --- [DiscoveryClient-InstanceInfoReplicator-0] com.netflix.discovery.DiscoveryClient    : DiscoveryClient_HISTORY-SERVICE/host.docker.internal:2f1fa39600532cdf160ef76726ff9a5e - registration status: 204
2023-06-04T16:30:26.576+09:00  INFO [history-service,,] 14088 --- [RMI TCP Connection(14)-127.0.0.1] o.apache.catalina.core.StandardService   : Stopping service [Tomcat]
2023-06-04T16:30:26.588+09:00  INFO [history-service,,] 14088 --- [RMI TCP Connection(14)-127.0.0.1] j.LocalContainerEntityManagerFactoryBean : Closing JPA EntityManagerFactory for persistence unit 'default'
2023-06-04T16:30:26.592+09:00  INFO [history-service,,] 14088 --- [RMI TCP Connection(14)-127.0.0.1] com.zaxxer.hikari.HikariDataSource       : HikariPool-1 - Shutdown initiated...
2023-06-04T16:30:26.595+09:00  INFO [history-service,,] 14088 --- [RMI TCP Connection(14)-127.0.0.1] com.zaxxer.hikari.HikariDataSource       : HikariPool-1 - Shutdown completed.
2023-06-04T16:40:23.254+09:00  INFO [history-service,,] 29448 --- [restartedMain] o.msa.history.HistoryServiceApplication  : The following 1 profile is active: "local"
2023-06-04T16:40:24.583+09:00  INFO [history-service,,] 29448 --- [restartedMain] .s.d.r.c.RepositoryConfigurationDelegate : Bootstrapping Spring Data JPA repositories in DEFAULT mode.
2023-06-04T16:40:24.607+09:00  INFO [history-service,,] 29448 --- [restartedMain] .s.d.r.c.RepositoryConfigurationDelegate : Finished Spring Data repository scanning in 13 ms. Found 0 JPA repository interfaces.
2023-06-04T16:40:24.926+09:00  INFO [history-service,,] 29448 --- [restartedMain] o.s.cloud.context.scope.GenericScope     : BeanFactory id=95e2b14f-9f31-3b3d-b34e-9ae6cc8dec9a
2023-06-04T16:40:25.708+09:00  INFO [history-service,,] 29448 --- [restartedMain] o.s.b.w.embedded.tomcat.TomcatWebServer  : Tomcat initialized with port(s): 0 (http)
2023-06-04T16:40:25.719+09:00  INFO [history-service,,] 29448 --- [restartedMain] o.apache.catalina.core.StandardService   : Starting service [Tomcat]
2023-06-04T16:40:25.719+09:00  INFO [history-service,,] 29448 --- [restartedMain] o.apache.catalina.core.StandardEngine    : Starting Servlet engine: [Apache Tomcat/10.1.5]
2023-06-04T16:40:25.842+09:00  INFO [history-service,,] 29448 --- [restartedMain] o.a.c.c.C.[Tomcat].[localhost].[/]       : Initializing Spring embedded WebApplicationContext
2023-06-04T16:40:25.842+09:00  INFO [history-service,,] 29448 --- [restartedMain] w.s.c.ServletWebServerApplicationContext : Root WebApplicationContext: initialization completed in 2575 ms
2023-06-04T16:40:26.374+09:00  INFO [history-service,,] 29448 --- [restartedMain] o.hibernate.jpa.internal.util.LogHelper  : HHH000204: Processing PersistenceUnitInfo [name: default]
2023-06-04T16:40:26.438+09:00  INFO [history-service,,] 29448 --- [restartedMain] org.hibernate.Version                    : HHH000412: Hibernate ORM core version 6.1.6.Final
2023-06-04T16:40:26.647+09:00  WARN [history-service,,] 29448 --- [restartedMain] org.hibernate.orm.deprecation            : HHH90000021: Encountered deprecated setting [javax.persistence.sharedCache.mode], use [jakarta.persistence.sharedCache.mode] instead
2023-06-04T16:40:26.808+09:00  INFO [history-service,,] 29448 --- [restartedMain] com.zaxxer.hikari.HikariDataSource       : HikariPool-1 - Starting...
2023-06-04T16:40:26.895+09:00  INFO [history-service,,] 29448 --- [restartedMain] com.zaxxer.hikari.pool.HikariPool        : HikariPool-1 - Added connection org.mariadb.jdbc.Connection@4d5fb409
2023-06-04T16:40:26.897+09:00  INFO [history-service,,] 29448 --- [restartedMain] com.zaxxer.hikari.HikariDataSource       : HikariPool-1 - Start completed.
2023-06-04T16:40:26.920+09:00  INFO [history-service,,] 29448 --- [restartedMain] SQL dialect                              : HHH000400: Using dialect: org.hibernate.dialect.MariaDB103Dialect
2023-06-04T16:40:26.920+09:00  WARN [history-service,,] 29448 --- [restartedMain] org.hibernate.orm.deprecation            : HHH90000026: MariaDB103Dialect has been deprecated; use org.hibernate.dialect.MariaDBDialect instead
2023-06-04T16:40:27.237+09:00  INFO [history-service,,] 29448 --- [restartedMain] o.h.e.t.j.p.i.JtaPlatformInitiator       : HHH000490: Using JtaPlatform implementation: [org.hibernate.engine.transaction.jta.platform.internal.NoJtaPlatform]
2023-06-04T16:40:27.253+09:00  INFO [history-service,,] 29448 --- [restartedMain] j.LocalContainerEntityManagerFactoryBean : Initialized JPA EntityManagerFactory for persistence unit 'default'
2023-06-04T16:40:27.403+09:00  WARN [history-service,,] 29448 --- [restartedMain] JpaBaseConfiguration$JpaWebConfiguration : spring.jpa.open-in-view is enabled by default. Therefore, database queries may be performed during view rendering. Explicitly configure spring.jpa.open-in-view to disable this warning
2023-06-04T16:40:29.356+09:00  WARN [history-service,,] 29448 --- [restartedMain] o.s.b.d.a.OptionalLiveReloadServer       : Unable to start LiveReload server
2023-06-04T16:40:30.031+09:00  INFO [history-service,,] 29448 --- [restartedMain] DiscoveryClientOptionalArgsConfiguration : Eureka HTTP Client uses RestTemplate.
2023-06-04T16:40:30.144+09:00  INFO [history-service,,] 29448 --- [restartedMain] o.s.b.a.e.web.EndpointLinksResolver      : Exposing 3 endpoint(s) beneath base path '/actuator'
2023-06-04T16:40:30.259+09:00  INFO [history-service,,] 29448 --- [restartedMain] o.s.b.w.embedded.tomcat.TomcatWebServer  : Tomcat started on port(s): 10692 (http) with context path ''
2023-06-04T16:40:30.260+09:00  INFO [history-service,,] 29448 --- [restartedMain] .s.c.n.e.s.EurekaAutoServiceRegistration : Updating port to 10692
2023-06-04T16:40:30.266+09:00  INFO [history-service,,] 29448 --- [restartedMain] o.s.c.n.eureka.InstanceInfoFactory       : Setting initial instance status as: STARTING
2023-06-04T16:40:30.312+09:00  INFO [history-service,,] 29448 --- [restartedMain] com.netflix.discovery.DiscoveryClient    : Initializing Eureka in region us-east-1
2023-06-04T16:40:30.317+09:00  INFO [history-service,,] 29448 --- [restartedMain] c.n.d.s.r.aws.ConfigClusterResolver      : Resolving eureka endpoints via configuration
2023-06-04T16:40:30.343+09:00  INFO [history-service,,] 29448 --- [restartedMain] com.netflix.discovery.DiscoveryClient    : Disable delta property : false
2023-06-04T16:40:30.344+09:00  INFO [history-service,,] 29448 --- [restartedMain] com.netflix.discovery.DiscoveryClient    : Single vip registry refresh property : null
2023-06-04T16:40:30.344+09:00  INFO [history-service,,] 29448 --- [restartedMain] com.netflix.discovery.DiscoveryClient    : Force full registry fetch : false
2023-06-04T16:40:30.344+09:00  INFO [history-service,,] 29448 --- [restartedMain] com.netflix.discovery.DiscoveryClient    : Application is null : false
2023-06-04T16:40:30.344+09:00  INFO [history-service,,] 29448 --- [restartedMain] com.netflix.discovery.DiscoveryClient    : Registered Applications size is zero : true
2023-06-04T16:40:30.345+09:00  INFO [history-service,,] 29448 --- [restartedMain] com.netflix.discovery.DiscoveryClient    : Application version is -1: true
2023-06-04T16:40:30.345+09:00  INFO [history-service,,] 29448 --- [restartedMain] com.netflix.discovery.DiscoveryClient    : Getting all instance registry info from the eureka server
2023-06-04T16:40:30.469+09:00  INFO [history-service,,] 29448 --- [restartedMain] com.netflix.discovery.DiscoveryClient    : The response status is 200
2023-06-04T16:40:30.472+09:00  INFO [history-service,,] 29448 --- [restartedMain] com.netflix.discovery.DiscoveryClient    : Starting heartbeat executor: renew interval is: 30
2023-06-04T16:40:30.475+09:00  INFO [history-service,,] 29448 --- [restartedMain] c.n.discovery.InstanceInfoReplicator     : InstanceInfoReplicator onDemand update allowed rate per min is 4
2023-06-04T16:40:30.480+09:00  INFO [history-service,,] 29448 --- [restartedMain] com.netflix.discovery.DiscoveryClient    : Discovery Client initialized at timestamp 1685864430479 with initial instances count: 2
2023-06-04T16:40:30.482+09:00  INFO [history-service,,] 29448 --- [restartedMain] o.s.c.n.e.s.EurekaServiceRegistry        : Registering application HISTORY-SERVICE with eureka with status UP
2023-06-04T16:40:30.483+09:00  INFO [history-service,,] 29448 --- [restartedMain] com.netflix.discovery.DiscoveryClient    : Saw local status change event StatusChangeEvent [timestamp=1685864430483, current=UP, previous=STARTING]
2023-06-04T16:40:30.485+09:00  INFO [history-service,,] 29448 --- [DiscoveryClient-InstanceInfoReplicator-0] com.netflix.discovery.DiscoveryClient    : DiscoveryClient_HISTORY-SERVICE/host.docker.internal:c3f6dae45f64070192c0b64dfe6cd637: registering service...
2023-06-04T16:40:30.531+09:00  INFO [history-service,,] 29448 --- [DiscoveryClient-InstanceInfoReplicator-0] com.netflix.discovery.DiscoveryClient    : DiscoveryClient_HISTORY-SERVICE/host.docker.internal:c3f6dae45f64070192c0b64dfe6cd637 - registration status: 204
2023-06-04T16:40:30.710+09:00  INFO [history-service,,] 29448 --- [restartedMain] o.msa.history.HistoryServiceApplication  : Started HistoryServiceApplication in 9.249 seconds (process running for 10.351)
2023-06-04T16:41:10.861+09:00  INFO [history-service,,] 29448 --- [http-nio-auto-1-exec-1] o.a.c.c.C.[Tomcat].[localhost].[/]       : Initializing Spring DispatcherServlet 'dispatcherServlet'
2023-06-04T16:41:10.862+09:00  INFO [history-service,,] 29448 --- [http-nio-auto-1-exec-1] o.s.web.servlet.DispatcherServlet        : Initializing Servlet 'dispatcherServlet'
2023-06-04T16:41:10.863+09:00  INFO [history-service,,] 29448 --- [http-nio-auto-1-exec-1] o.s.web.servlet.DispatcherServlet        : Completed initialization in 1 ms
2023-06-04T16:41:10.976+09:00  INFO [history-service,647c4016c441e9070fddcdd032b3059d,0fddcdd032b3059d] 29448 --- [http-nio-auto-1-exec-1] o.m.h.controller.HistoryController       : history = HistoryDTO(accountId=admin, itemId=1)
2023-06-04T16:42:58.832+09:00  INFO [history-service,,] 29448 --- [RMI TCP Connection(9)-127.0.0.1] inMXBeanRegistrar$SpringApplicationAdmin : Application shutdown requested.
2023-06-04T16:42:58.834+09:00  INFO [history-service,,] 29448 --- [RMI TCP Connection(9)-127.0.0.1] o.s.c.n.e.s.EurekaServiceRegistry        : Unregistering application HISTORY-SERVICE with eureka with status DOWN
2023-06-04T16:42:58.834+09:00  INFO [history-service,,] 29448 --- [RMI TCP Connection(9)-127.0.0.1] com.netflix.discovery.DiscoveryClient    : Saw local status change event StatusChangeEvent [timestamp=1685864578834, current=DOWN, previous=UP]
2023-06-04T16:42:58.834+09:00  INFO [history-service,,] 29448 --- [DiscoveryClient-InstanceInfoReplicator-0] com.netflix.discovery.DiscoveryClient    : DiscoveryClient_HISTORY-SERVICE/host.docker.internal:c3f6dae45f64070192c0b64dfe6cd637: registering service...
2023-06-04T16:42:58.841+09:00  INFO [history-service,,] 29448 --- [DiscoveryClient-InstanceInfoReplicator-0] com.netflix.discovery.DiscoveryClient    : DiscoveryClient_HISTORY-SERVICE/host.docker.internal:c3f6dae45f64070192c0b64dfe6cd637 - registration status: 204
2023-06-04T16:42:58.851+09:00  INFO [history-service,,] 29448 --- [RMI TCP Connection(9)-127.0.0.1] o.apache.catalina.core.StandardService   : Stopping service [Tomcat]
2023-06-04T16:42:58.853+09:00  INFO [history-service,,] 29448 --- [RMI TCP Connection(9)-127.0.0.1] o.a.c.c.C.[Tomcat].[localhost].[/]       : Destroying Spring FrameworkServlet 'dispatcherServlet'
2023-06-04T16:42:58.856+09:00  WARN [history-service,,] 29448 --- [RMI TCP Connection(9)-127.0.0.1] o.a.c.loader.WebappClassLoaderBase       : The web application [ROOT] appears to have started a thread named [AsyncReporter{org.springframework.boot.actuate.autoconfigure.tracing.zipkin.ZipkinRestTemplateSender@5e07ae34}] but has failed to stop it. This is very likely to create a memory leak. Stack trace of thread:
 java.base@17.0.4.1/jdk.internal.misc.Unsafe.park(Native Method)
 java.base@17.0.4.1/java.util.concurrent.locks.LockSupport.parkNanos(LockSupport.java:252)
 java.base@17.0.4.1/java.util.concurrent.locks.AbstractQueuedSynchronizer$ConditionObject.awaitNanos(AbstractQueuedSynchronizer.java:1672)
 app//zipkin2.reporter.ByteBoundedQueue.drainTo(ByteBoundedQueue.java:81)
 app//zipkin2.reporter.AsyncReporter$BoundedAsyncReporter.flush(AsyncReporter.java:270)
 app//zipkin2.reporter.AsyncReporter$Flusher.run(AsyncReporter.java:378)
 java.base@17.0.4.1/java.lang.Thread.run(Thread.java:833)
2023-06-04T16:42:58.865+09:00  INFO [history-service,,] 29448 --- [RMI TCP Connection(9)-127.0.0.1] j.LocalContainerEntityManagerFactoryBean : Closing JPA EntityManagerFactory for persistence unit 'default'
2023-06-04T16:42:58.869+09:00  INFO [history-service,,] 29448 --- [RMI TCP Connection(9)-127.0.0.1] com.zaxxer.hikari.HikariDataSource       : HikariPool-1 - Shutdown initiated...
2023-06-04T16:42:58.874+09:00  INFO [history-service,,] 29448 --- [RMI TCP Connection(9)-127.0.0.1] com.zaxxer.hikari.HikariDataSource       : HikariPool-1 - Shutdown completed.
2023-06-04T16:42:59.832+09:00  INFO [history-service,,] 29448 --- [RMI TCP Connection(9)-127.0.0.1] com.netflix.discovery.DiscoveryClient    : Shutting down DiscoveryClient ...
2023-06-04T16:43:02.834+09:00  INFO [history-service,,] 29448 --- [RMI TCP Connection(9)-127.0.0.1] com.netflix.discovery.DiscoveryClient    : Unregistering ...
2023-06-04T16:43:02.835+09:00  WARN [history-service,,] 29448 --- [DiscoveryClient-0] c.netflix.discovery.TimedSupervisorTask  : task supervisor shutting down, can't accept the task
2023-06-04T16:43:02.840+09:00  INFO [history-service,,] 29448 --- [RMI TCP Connection(9)-127.0.0.1] com.netflix.discovery.DiscoveryClient    : DiscoveryClient_HISTORY-SERVICE/host.docker.internal:c3f6dae45f64070192c0b64dfe6cd637 - deregister  status: 200
2023-06-04T16:43:02.844+09:00  INFO [history-service,,] 29448 --- [RMI TCP Connection(9)-127.0.0.1] com.netflix.discovery.DiscoveryClient    : Completed shut down of DiscoveryClient
